\BOOKMARK [0][]{jluCover.0}{\376\377\134\001\227\142}{}% 1
\BOOKMARK [0][]{jluTitlePage.0}{\376\377\142\111\230\165}{}% 2
\BOOKMARK [0][]{originalStatement.0}{\376\377\124\011\147\227\131\047\133\146\170\125\130\353\133\146\117\115\213\272\145\207\123\237\122\033\140\047\130\360\146\016}{}% 3
\BOOKMARK [0][]{contributionStatement.0}{\376\377\121\163\116\216\133\146\117\115\213\272\145\207\117\177\165\050\143\210\147\103\166\204\130\360\146\016}{}% 4
\BOOKMARK [0][]{ThesisSummary.0}{\376\377\144\130\000\040\211\201}{}% 5
\BOOKMARK [0][]{thesissummaryenglish.0}{\376\377\000A\000b\000s\000t\000r\000a\000c\000t}{}% 6
\BOOKMARK [0][-]{tableofcontents.0}{\376\377\166\356\000\040\137\125}{}% 7
\BOOKMARK [0][-]{lof.0}{\376\377\143\322\126\376\166\356\137\125}{}% 8
\BOOKMARK [0][-]{lot.0}{\376\377\210\150\150\074\166\356\137\125}{}% 9
\BOOKMARK [0][-]{chapter.1}{\376\377\000\040\176\352\213\272\000\040}{}% 10
\BOOKMARK [1][-]{section.1.1}{\376\377\170\024\172\166\200\314\146\157\123\312\141\017\116\111}{chapter.1}% 11
\BOOKMARK [2][-]{subsection.1.1.1}{\376\377\123\344\145\351\213\241\173\227\147\072}{section.1.1}% 12
\BOOKMARK [2][-]{subsection.1.1.2}{\376\377\217\321\116\343\213\241\173\227\147\072}{section.1.1}% 13
\BOOKMARK [3][-]{subsubsection.1.1.2.1}{\376\377\134\017\202\202}{subsection.1.1.2}% 14
\BOOKMARK [0][-]{chapter.2}{\376\377\000\040\170\024\172\166\163\260\162\266\000\040}{}% 15
\BOOKMARK [1][-]{section.2.1}{\376\377\170\024\172\166\163\260\162\266\123\312\143\021\142\030}{chapter.2}% 16
\BOOKMARK [1][-]{section.2.2}{\376\377\170\024\172\166\121\205\133\271\116\016\213\272\145\207\176\323\147\204}{chapter.2}% 17
\BOOKMARK [0][-]{chapter.3}{\376\377\000\040\173\227\154\325\000\040}{}% 18
\BOOKMARK [0][-]{chapter.4}{\376\377\000\040\116\343\170\001\000\040}{}% 19
\BOOKMARK [0][-]{chapter*.8}{\376\377\123\302\200\003\145\207\163\056}{}% 20
\BOOKMARK [0][-]{section*.10}{\376\377\117\134\200\005\173\200\116\313\123\312\127\050\133\146\147\037\225\364\142\100\123\326\137\227\166\204\171\321\170\024\142\020\147\234}{}% 21
\BOOKMARK [0][-]{section*.12}{\376\377\201\364\000\040\214\042}{}% 22
\BOOKMARK [0][-]{appendix.1.A}{\376\377\226\104\137\125\000\040\000\040\133\236\232\214\142\100\165\050\145\160\143\156\000\040}{}% 23
\BOOKMARK [0][-]{appendix.1.B}{\376\377\226\104\137\125\000\040\000\040\121\166\116\326\000\040}{}% 24
